0 info it worked if it ends with ok
1 verbose cli [ 'C:\\Program Files\\nodejs\\node.exe',
1 verbose cli   'C:\\Program Files\\nodejs\\node_modules\\npm\\bin\\npm-cli.js',
1 verbose cli   'run',
1 verbose cli   'watch' ]
2 info using npm@3.10.10
3 info using node@v6.11.5
4 verbose run-script [ 'prewatch', 'watch', 'postwatch' ]
5 info lifecycle calzet@1.0.0~prewatch: calzet@1.0.0
6 silly lifecycle calzet@1.0.0~prewatch: no script for prewatch, continuing
7 info lifecycle calzet@1.0.0~watch: calzet@1.0.0
8 verbose lifecycle calzet@1.0.0~watch: unsafe-perm in lifecycle true
9 verbose lifecycle calzet@1.0.0~watch: PATH: C:\Program Files\nodejs\node_modules\npm\bin\node-gyp-bin;C:\Users\smontanes\Desktop\CalZet\node_modules\.bin;C:\ProgramData\Oracle\Java\javapath;C:\Program Files\Java\jdk1.8.0_151\bin;C:\Windows\system32;C:\Windows;C:\Windows\System32\Wbem;C:\Windows\System32\WindowsPowerShell\v1.0\;C:\ProgramData\chocolatey\bin;C:\Program Files (x86)\PuTTY\;C:\Program Files (x86)\Skype\Phone\;C:\Program Files\TortoiseSVN\bin;C:\Program Files\Git\cmd;C:\Program Files\TortoiseHg\;C:\apache-maven-3.5.0\bin;C:\Program Files\Microsoft SQL Server\Client SDK\ODBC\130\Tools\Binn\;C:\Program Files (x86)\Microsoft SQL Server\130\Tools\Binn\;C:\Program Files\Microsoft SQL Server\130\Tools\Binn\;C:\Program Files\Microsoft SQL Server\130\DTS\Binn\;C:\Program Files\nodejs\;C:\Program Files\Intel\WiFi\bin\;C:\Program Files\Common Files\Intel\WirelessCommon\;C:\Program Files (x86)\Microsoft SQL Server\Client SDK\ODBC\130\Tools\Binn\;C:\Program Files (x86)\Microsoft SQL Server\140\Tools\Binn\;C:\Program Files (x86)\Microsoft SQL Server\140\DTS\Binn\;C:\Program Files (x86)\Microsoft SQL Server\140\Tools\Binn\ManagementStudio\;C:\Program Files\TortoiseGit\bin;C:\Users\smontanes\AppData\Local\Microsoft\WindowsApps;C:\Users\smontanes\AppData\Local\Programs\Fiddler;C:\Users\smontanes\AppData\Roaming\npm;C:\Program Files\Microsoft VS Code\bin;C:\Program Files\Intel\WiFi\bin\;C:\Program Files\Common Files\Intel\WirelessCommon\;C:\consul\
10 verbose lifecycle calzet@1.0.0~watch: CWD: C:\Users\smontanes\Desktop\CalZet
11 silly lifecycle calzet@1.0.0~watch: Args: [ '/d /s /c', 'npm run build --watch' ]
12 silly lifecycle calzet@1.0.0~watch: Returned: code: 3221225786  signal: null
13 info lifecycle calzet@1.0.0~watch: Failed to exec watch script
14 verbose stack Error: calzet@1.0.0 watch: `npm run build --watch`
14 verbose stack Exit status 3221225786
14 verbose stack     at EventEmitter.<anonymous> (C:\Program Files\nodejs\node_modules\npm\lib\utils\lifecycle.js:255:16)
14 verbose stack     at emitTwo (events.js:106:13)
14 verbose stack     at EventEmitter.emit (events.js:191:7)
14 verbose stack     at ChildProcess.<anonymous> (C:\Program Files\nodejs\node_modules\npm\lib\utils\spawn.js:40:14)
14 verbose stack     at emitTwo (events.js:106:13)
14 verbose stack     at ChildProcess.emit (events.js:191:7)
14 verbose stack     at maybeClose (internal/child_process.js:920:16)
14 verbose stack     at Process.ChildProcess._handle.onexit (internal/child_process.js:230:5)
15 verbose pkgid calzet@1.0.0
16 verbose cwd C:\Users\smontanes\Desktop\CalZet
17 error Windows_NT 10.0.14393
18 error argv "C:\\Program Files\\nodejs\\node.exe" "C:\\Program Files\\nodejs\\node_modules\\npm\\bin\\npm-cli.js" "run" "watch"
19 error node v6.11.5
20 error npm  v3.10.10
21 error code ELIFECYCLE
22 error calzet@1.0.0 watch: `npm run build --watch`
22 error Exit status 3221225786
23 error Failed at the calzet@1.0.0 watch script 'npm run build --watch'.
23 error Make sure you have the latest version of node.js and npm installed.
23 error If you do, this is most likely a problem with the calzet package,
23 error not with npm itself.
23 error Tell the author that this fails on your system:
23 error     npm run build --watch
23 error You can get information on how to open an issue for this project with:
23 error     npm bugs calzet
23 error Or if that isn't available, you can get their info via:
23 error     npm owner ls calzet
23 error There is likely additional logging output above.
24 verbose exit [ 1, true ]
